Microsoft (R) Macro Assembler Version 14.00.23506.0	    05/01/18 17:29:37
masm4.asm						     Page 1 - 1


				;----------------------------------------------------------------------------------------------------
				;	FILE NAME :	MASM4.asm
				;----------------------------------------------------------------------------------------------------
				;
				;		Program Name	:	MASM4
				;		Programmer		:	Cody Thompson 
				;		Class			:	CS 3B || Asm Lang
				;		Date			:	4/26/2018
				;		Purpose			:	
				;		This program will simulate a text editor.  Text input will be allowed through the console or
				;	from a specified file.  All strings can be viewed, deleted, edited, searched and saved.
				;
				;----------------------------------------------------------------------------------------------------

					.486

					;Includes
					include ..\..\Irvine\Irvine32.inc
			      C ; Include file for Irvine32.lib             (Irvine32.inc)
			      C 
			      C ;OPTION CASEMAP:NONE		; optional: make identifiers case-sensitive
			      C 
			      C INCLUDE SmallWin.inc		; MS-Windows prototypes, structures, and constants
			      C .NOLIST
			      C .LIST
			      C 
			      C INCLUDE VirtualKeys.inc
			      C ; VirtualKeys.inc
			      C .NOLIST
			      C .LIST
			      C 
			      C 
			      C .NOLIST
			      C .LIST
			      C 
					include ..\..\Irvine\Macros.inc
			      C .NOLIST
			      C .LIST
			      C 

					;Prototypes
					getstring				PROTO Near32 stdcall, lpStringToGet:dword, dlength:dword
					ascint32 				PROTO Near32 stdcall, lpStringOfNumericChars:dword
					memoryallocBailey		PROTO NEAR32 stdcall, dSize:dword
					ExitProcess 			PROTO, dwExitCode:dword

					;Constants
 = 001E8480			HEAP_START		=		2000000
 = 17D78400			HEAP_MAX		=		400000000
					
					;Struct definitions
 00000010			ListNode STRUCT
 00000000  00000000		  NodeData 		DWORD 	?
 00000004  00000000		  NextPtr  		DWORD 	?
 00000008  00000000		  dPosition		DWORD	?
 0000000C  00000000		  heapHandle	HANDLE	?
				ListNode ENDS

					;Macro definitions
					
					;Data segment
 00000000				.data
 00000000 00000008 R		pListHead		DWORD		OFFSET	lListTail	
 00000004 00000008 R		pLastAddr		DWORD		OFFSET	lListTail	
 00000008 00000000		lListTail		ListNode	<0,0,0>
	   00000000
	   00000000
	   00000000
 00000018 00000000		dCount			DWORD		0
 0000001C 00000000		mHeap			HANDLE		?
					
 00000020 49 6E 70 75 74	strInputFile	BYTE		"Input.txt"
	   2E 74 78 74
 00000029 53 61 76 65 2E	strSaveFile		BYTE		"Save.txt"
	   74 78 74
 00000031 00000000		hFileHandle		HANDLE		?
 00000035 00000000		hSTDHandle		HANDLE		?	
 00000039 00000000		dBytesWritten	DWORD		0	
					
 0000003D 09 09 4D 41 53	strMenu0 		BYTE		9h, 9h, "MASM4 TEXT EDITOR", 0Ah
	   4D 34 20 54 45
	   58 54 20 45 44
	   49 54 4F 52 0A
 00000051 09 44 61 74 61	strMenuMem		BYTE		9h, "Data Structure Memory Consumption: ", 0
	   20 53 74 72 75
	   63 74 75 72 65
	   20 4D 65 6D 6F
	   72 79 20 43 6F
	   6E 73 75 6D 70
	   74 69 6F 6E 3A
	   20 00
 00000076 20 62 79 74 65	strMenuBytes	BYTE		" bytes", 0Ah
	   73 0A
 0000007D 3C 31 3E 20 56	strMenu1 		BYTE		"<1> View all strings", 0Ah, 0Ah
	   69 65 77 20 61
	   6C 6C 20 73 74
	   72 69 6E 67 73
	   0A 0A
 00000093 3C 32 3E 20 41	strMenu2 		BYTE		"<2> Add string", 0Ah
	   64 64 20 73 74
	   72 69 6E 67 0A
 000000A2 09 3C 61 3E 20	strMenu2a		BYTE		9h, "<a> from Keyboard", 0Ah
	   66 72 6F 6D 20
	   4B 65 79 62 6F
	   61 72 64 0A
 000000B5 09 3C 62 3E 20	strMenu2b		BYTE		9h, "<b> from File. Statis file named input.txt", 0Ah, 0Ah
	   66 72 6F 6D 20
	   46 69 6C 65 2E
	   20 53 74 61 74
	   69 73 20 66 69
	   6C 65 20 6E 61
	   6D 65 64 20 69
	   6E 70 75 74 2E
	   74 78 74 0A 0A
 000000E2 3C 33 3E 20 44	strMenu3 		BYTE		"<3> Delete string. Given an index #, delete the string and de-allocate memory", 0Ah, 0Ah
	   65 6C 65 74 65
	   20 73 74 72 69
	   6E 67 2E 20 47
	   69 76 65 6E 20
	   61 6E 20 69 6E
	   64 65 78 20 23
	   2C 20 64 65 6C
	   65 74 65 20 74
	   68 65 20 73 74
	   72 69 6E 67 20
	   61 6E 64 20 64
	   65 2D 61 6C 6C
	   6F 63 61 74 65
	   20 6D 65 6D 6F
	   72 79 0A 0A
 00000131 3C 34 3E 20 45	strMenu4 		BYTE		"<4> Edit string. Given an index #, replace old string w/ new string. Allocate/De-allocate as needed.", 0Ah, 0Ah
	   64 69 74 20 73
	   74 72 69 6E 67
	   2E 20 47 69 76
	   65 6E 20 61 6E
	   20 69 6E 64 65
	   78 20 23 2C 20
	   72 65 70 6C 61
	   63 65 20 6F 6C
	   64 20 73 74 72
	   69 6E 67 20 77
	   2F 20 6E 65 77
	   20 73 74 72 69
	   6E 67 2E 20 41
	   6C 6C 6F 63 61
	   74 65 2F 44 65
	   2D 61 6C 6C 6F
	   63 61 74 65 20
	   61 73 20 6E 65
	   65 64 65 64 2E
	   0A 0A
 00000197 3C 35 3E 20 53	strMenu5 		BYTE		"<5> String search. Regardless of case, return all strings that match the substring given.", 0Ah, 0Ah
	   74 72 69 6E 67
	   20 73 65 61 72
	   63 68 2E 20 52
	   65 67 61 72 64
	   6C 65 73 73 20
	   6F 66 20 63 61
	   73 65 2C 20 72
	   65 74 75 72 6E
	   20 61 6C 6C 20
	   73 74 72 69 6E
	   67 73 20 74 68
	   61 74 20 6D 61
	   74 63 68 20 74
	   68 65 20 73 75
	   62 73 74 72 69
	   6E 67 20 67 69
	   76 65 6E 2E 0A
	   0A
 000001F2 3C 36 3E 20 53	strMenu6 		BYTE		"<6> Save File", 0Ah, 0Ah
	   61 76 65 20 46
	   69 6C 65 0A 0A
 00000201 3C 37 3E 20 51	strMenu7 		BYTE		"<7> Quit", 0Ah, 0
	   75 69 74 0A 00
 0000020B 09 54 68 65 20	strListSF		BYTE		"	The List So Far...", 0Ah, 0Ah, 0
	   4C 69 73 74 20
	   53 6F 20 46 61
	   72 2E 2E 2E 0A
	   0A 00
 00000221 20 20 20 20 20	strNodeNum		BYTE		"          Item number: ", 0 
	   20 20 20 20 20
	   49 74 65 6D 20
	   6E 75 6D 62 65
	   72 3A 20 00
 00000239 20 20 20 20 20	strNodeData		BYTE		"            Node data: ", 0
	   20 20 20 20 20
	   20 20 4E 6F 64
	   65 20 64 61 74
	   61 3A 20 00
 00000251 20 20 20 20 20	strAddr			BYTE		"         This Address: ", 0
	   20 20 20 20 54
	   68 69 73 20 41
	   64 64 72 65 73
	   73 3A 20 00
 00000269 50 6C 65 61 73	strInput		BYTE		"Please enter a string to be saved in the list- ", 0Ah, 0 
	   65 20 65 6E 74
	   65 72 20 61 20
	   73 74 72 69 6E
	   67 20 74 6F 20
	   62 65 20 73 61
	   76 65 64 20 69
	   6E 20 74 68 65
	   20 6C 69 73 74
	   2D 20 0A 00
 0000029A 54 68 65 20 6C	strEmptyList	BYTE		"The list is empty.", 0Ah, 0
	   69 73 74 20 69
	   73 20 65 6D 70
	   74 79 2E 0A 00
 000002AE 50 6C 65 61 73	strIndexInput	BYTE		"Please input a node position (item #): ", 0
	   65 20 69 6E 70
	   75 74 20 61 20
	   6E 6F 64 65 20
	   70 6F 73 69 74
	   69 6F 6E 20 28
	   69 74 65 6D 20
	   23 29 3A 20 00
 000002D6 57 6F 75 6C 64	strSavePrompt	BYTE		"Would you like to append to the current data?(y/n): ", 0
	   20 79 6F 75 20
	   6C 69 6B 65 20
	   74 6F 20 61 70
	   70 65 6E 64 20
	   74 6F 20 74 68
	   65 20 63 75 72
	   72 65 6E 74 20
	   64 61 74 61 3F
	   28 79 2F 6E 29
	   3A 20 00
 0000030B 50 6C 65 61 73	strSubPrompt	BYTE		"Please enter a string to be searched for- ", 0Ah, 0
	   65 20 65 6E 74
	   65 72 20 61 20
	   73 74 72 69 6E
	   67 20 74 6F 20
	   62 65 20 73 65
	   61 72 63 68 65
	   64 20 66 6F 72
	   2D 20 0A 00

 00000337  00000200 [		strBuffer		BYTE		512	DUP(0)
	    00
	   ]
 00000537  00000003 [		strSelection	BYTE		3 	DUP(0)
	    00
	   ]
 0000053A  00000002 [		strSelNum		BYTE		2 	DUP(0)
	    00
	   ]
 0000053C 00000000		dAllocatedBytes	DWORD 		0
 00000540 00000000		dInt			DWORD		0

					;Code segment
 00000000				.code
 00000000			main proc												;start of main ;start of program
					INVOKE	HeapCreate, 0, HEAP_START, HEAP_MAX			;allocate new private heap
				.If	EAX == NULL
 00000015  E8 00000000 E		CALL	WriteWindowsMsg
 0000001A  EB 13			JMP		QUIT
				.ELSE
 0000001E  A3 0000001C R		MOV		mHeap,	EAX
				.ENDIF
 00000023			MENU:	
 00000023  E8 00000022			CALL 	displayMenu									;display the menu
					
 00000028  E8 00000086			CALL 	getSelection								;get the selection input
 0000002D  EB F4			JMP 	MENU
					
 0000002F			QUIT:	
					INVOKE 	HeapDestroy,	mHeap						;Destroy the private heap
				.IF eax == NULL
 0000003E  E8 00000000 E		CALL 	WriteWindowsMsg 							; show error message
				.ENDIF
					INVOKE 	ExitProcess,	0							;terminate program
 0000004A			main ENDP												;end of main procedure



				;---------------------------------------------------------------------------------------
 0000004A			displayMenu				PROC	USES EDX
				;
				;		This procedure will display the general menu and accept input via the keyboard.
				;	The selection entered will be returned to the EAX register.
				;	Receives:	Nothing
				;	Returns:	Nothing
				;---------------------------------------------------------------------------------------
 0000004B			MENU:	
 0000004B  E8 00000000 E		CALL 	ClrScr										;clear the console screen
 00000050  BA 0000003D R		MOV		EDX,	OFFSET strMenu0						;move the offset address of strMenu0 into EDX
 00000055  E8 00000000 E		CALL	WriteString									;write the string to the console
 0000005A  A1 0000053C R		MOV		EAX, 	dAllocatedBytes						;move the value of dAllocatedBytes into EAX
 0000005F  E8 00000000 E		CALL 	WriteHex									;write hex value to console 
 00000064  BA 00000076 R		MOV		EDX, 	OFFSET strMenuBytes					;move offset address of strMenuBytes into EDX
 00000069  E8 00000000 E		CALL	WriteString									;finish menu output
					INVOKE 	getstring, addr strSelection, 2				;get the string from the console and store it into memory labeled 'strInput
 0000007A  E8 00000006			CALL 	validateSelection							;validate the input selection
 0000007F  3C 00			CMP		AL,		0									;compare result to 0 (false)
 00000081  74 C8			JE		MENU										;jump to menu if AL = 0
					
					RET
 00000085			displayMenu ENDP



				;---------------------------------------------------------------------------------------
 00000085			validateSelection		PROC		USES	ESI	EBX	
				;
				;		This procedure will validate the input stored in strSelection to ensure it is
				;	within the menu boundaries.  1 will be returned in the AL register if the input is validate
				;	or 0 if the input is invalid.
				;	Receives: 	Nothing
				;	Returns:  	1 or 0 to the AL register
				;---------------------------------------------------------------------------------------
 00000087  BE 00000537 R		MOV 	ESI,	OFFSET	strSelection				;move the offset address of strSelection into ESI	

 0000008C  8A 1E			MOV		BL,		[ESI]								;move nth index of strSelection into BL for comparison
 0000008E  80 FB 31			CMP		BL,		31h									;compare to ascii value of '1'
 00000091  7C 1B			JL 		FALSE1										;jump if BL is anything less than 31h
 00000093  80 FB 37			CMP		BL,		37h									;compare to ascii value of '7'
 00000096  7F 16			JG		FALSE1										;jump if bl is anything greater than 37h
					
					;if BL is equal to ascii value of '2'
				.IF		BL == 32h
 0000009D  8A 5E 01			MOV		BL,		[ESI+1]								;move the next index of strSelection into BL
 000000A0  80 FB 60			CMP		BL,		60h									;compare to ascii value 1 less than 'a'
 000000A3  7E 09			JLE		FALSE1										;jump if equal or anything less than 60h
 000000A5  80 FB 63			CMP		BL,		63h									;compare to ascii value 1 more than 'b'
 000000A8  7D 04			JGE		FALSE1										;jump if equal or anything greater than 63h
				.ENDIF	
					
 000000AA  B0 01			MOV		AL,		1									;move 1 into AL (true state)
 000000AC  EB 02			JMP RETURN											;jump to return
					
 000000AE			FALSE1:
 000000AE  B0 00			MOV		AL,		0									;move o into AL (false state)

 000000B0			RETURN:	
					RET
 000000B3			validateSelection		ENDP



				;---------------------------------------------------------------------------------------
 000000B3			getSelection			PROC		USES	ESI	EBX	EAX
				;
				;		This procedure will convert the input in strSelection to integer format and execute
				;	the appropriate procedure.  
				;	Receives:	Nothing
				;	Returns:	Nothing
				;---------------------------------------------------------------------------------------
 000000B6  E8 00000000 E		CALL	ClrScr										;call ClrScr, clear the screen
					
 000000BB  BE 00000537 R		MOV		ESI, 	OFFSET strSelection					;move the offset address of strSelection into ESI
 000000C0  8A 1E			MOV		BL, 	[ESI]								;move the first element of strSelection into BL	
 000000C2  88 1D 0000053A R		MOV		strSelNum,	BL								;move BL into strSelNum
					INVOKE	ascint32,	addr strSelNum					;convert strSelNum to integer format
 000000D2  8A 5E 01			MOV		BL,		[ESI+1]								;move 2nd index of strSelection into BL
					
				.IF			EAX == 1
 000000DA  E8 0000007F			CALL 	dumpList									;call dumpList, display the entire list
 000000DF  EB 6F			JMP		RETURN
					
				.ELSEIF		EAX == 2
					;case 2a
					.IF		BL	== 61h
 000000ED  E8 000000C1			CALL	createOne									;call createOne, insert a node with input via keyboard	

					;case 2b
					.ELSE
					
					.ENDIF
					
 000000F4  EB 5A			JMP		RETURN
				.ELSEIF		EAX == 3
 000000FD  E8 000001BA			CALL	deleteNode									;call deleteNode, deletes the target node and de-allocates memory
 00000102  EB 4C			JMP		RETURN
				.ELSEIF		EAX == 4
 0000010B  E8 00000299			CALL	editTarget									;call editTarget, edits the target string and adjust memory as needed
 00000110  EB 3E			JMP		RETURN
				.ELSEIF		EAX == 5
 00000119  E8 00000338			CALL	substringSearch								;call substringSearch, display all strings that match the substring
 0000011E  EB 30			JMP		RETURN
				.ELSEIF		EAX == 6
 00000127  E8 000003E6			CALL	saveListToFile								;call saveListToFile, writes all  ListNode strings to Save.txt (overwrites current file)
 0000012C  EB 22			JMP		RETURN
				.ELSEIF		EAX == 7
					INVOKE 	HeapDestroy,	mHeap						;Destroy the private heap
				.IF eax == NULL
 00000144  E8 00000000 E		CALL 	WriteWindowsMsg 							; show error message
				.ENDIF
					INVOKE ExitProcess,0								;exit process
					
				.ENDIF

 00000150			RETURN:
 00000150  E8 00000000 E		CALL	Crlf										;call Crlf, go to the next line
 00000155  E8 00000000 E	CALL	WaitMsg										;wait for any key to be pressed
					RET
 0000015E			getSelection 			ENDP



				;---------------------------------------------------------------------------------------
 0000015E			dumpList		PROC		USES	EDX	ESI	EAX	ECX
				;
				;		This procedure will display the entire list to the console in a first-to-last order.
				;	The objects number, data and address will be displayed.
				;	Receives:	Nothing
				;	Returns:	Nothing
				;---------------------------------------------------------------------------------------
 00000162  8B 35 00000000 R		MOV 	ESI,	pListHead							;move the head of the list into ESI
 00000168  8B 4E 08			MOV		ECX,	(ListNode PTR [ESI]).dPosition		;move the position # of address ESI into ECX
 0000016B  83 F9 00			CMP		ECX,	0									;ensure the list is not empty
 0000016E  74 34			JE		EMPTY										;if list is empty jump to EMPTY
					
 00000170  BA 0000020B R		MOV 	EDX,	OFFSET strListSF					;move the offset of strListSF into EDX
 00000175  E8 00000000 E		CALL	WriteString									;write string of address EDX to console

 0000017A			WLOOP:	
					;MOV 	EDX,	OFFSET strNodeNum					;move the offset of strNodeNum into EDX
					;CALL	WriteString									;write string of address EDX to console
 0000017A  8B 46 08			MOV 	EAX,	(ListNode PTR [ESI]).dPosition		;move current nodes dPosition value into EAX
 0000017D  E8 00000000 E		CALL 	WriteDec									;write decimal of value EAX to console
					mWrite	" "											;
 00000544		     1		.data		
 00000544 20 00		     1		??0000 BYTE " ",0	
 00000182		     1		.code
 00000182  52		     1		push	edx
 00000183  BA 00000544 R     1		mov	edx,OFFSET ??0000
 00000188  E8 00000000 E     1		call	WriteString
 0000018D  5A		     1		pop	edx
					;MOV 	EDX,	OFFSET strNodeData					;move offset addresS of strNodeData into EDX
					;CALL	WriteString									;write string of address EDX to console
 0000018E  8B 16			MOV 	EDX,	(ListNode PTR [ESI]).NodeData		;move current nodes nodeData into EDX
 00000190  E8 00000000 E		CALL 	WriteString									;write string of address EDX to console
					;CALL	Crlf										;call Crlf, go to the next line
					;MOV 	EDX,	OFFSET strAddr						;move the offset address of strAddr into EDX
					;CALL	WriteString									;write string of address EDX to console
					;MOV 	EAX, 	ESI									;move the value of ESI (current nodes address) into EAX
					;CALL	WriteHex									;write hex of value EAX to console

					;CALL	Crlf										;call Crlf, go to the next line
					;CALL	Crlf										;call Crlf, go to the next line
					;CALL	Crlf										;call Crlf, go to the next line
					;CALL	Crlf										;call Crlf, go to the next line

 00000195  8B 46 04			MOV		EAX,	(ListNode PTR [ESI]).NextPtr		;move the next pointer into EAX
 00000198  8B F0			MOV 	ESI,	EAX									;move the address in EAX into ESI
 0000019A  8B 4E 08			MOV		ECX,	(ListNode PTR [ESI]).dPosition		;move the next nodes position into ECX
 0000019D  83 F9 00			CMP		ECX, 	0									;ensure end of list has not been reached
 000001A0  75 D8			JNE		WLOOP										;jump so long as dPosition != 0
 000001A2  EB 0A			JMP 	RETURN										;jump to return

 000001A4			EMPTY:	
 000001A4  BA 0000029A R		MOV		EDX,	OFFSET strEmptyList					;move offset address of strEmptyList into EDX
 000001A9  E8 00000000 E		CALL	WriteString									;write string of address EDX to the console
					
 000001AE			RETURN:	
					RET
 000001B3			dumpList		ENDP


				;---------------------------------------------------------------------------------------
 000001B3			createOne		PROC		USES	EAX	ESI	ECX	EBX	
				;
				;		This procedure will allocate memory for a new listNode object and populate its
				;	attributes with proper data.  If memory can not be allocated a message will be displayed 
				;	and the procedure will return to the main driver.
				;	Receives:	Nothing
				;	Returns:	Nothing
				;---------------------------------------------------------------------------------------
				;	INVOKE 	GetProcessHeap								;get the process handle
				;	MOV		mHeap, 	EAX									;move the handle into memory
					INVOKE 	HeapAlloc, mHeap, HEAP_ZERO_MEMORY, 16		;allocate memory for a ListNode STRUCT
					
					;fail state
				.IF 		EAX == NULL
					mWrite "HeapAlloc failed"							;write fail message to console
 00000546		     1		.data		
 00000546 48 65 61 70 41     1		??0001 BYTE "HeapAlloc failed",0	
	   6C 6C 6F 63 20
	   66 61 69 6C 65
	   64 00
 000001CA		     1		.code
 000001CA  52		     1		push	edx
 000001CB  BA 00000546 R     1		mov	edx,OFFSET ??0001
 000001D0  E8 00000000 E     1		call	WriteString
 000001D5  5A		     1		pop	edx
 000001D6  EB 5B			jmp 	QUIT										;jump to quit
				.ENDIF
 000001D8  8B 0D 0000053C R		MOV		ECX,	dAllocatedBytes						;move value of dAllocatedBytes into ECX
 000001DE  83 C1 10			ADD		ECX,	16									;add 12 to current value in dAllocatedBytes
 000001E1  89 0D 0000053C R		MOV		dAllocatedBytes,		ECX					;save the new value to memory
 000001E7  FF 05 00000018 R		INC 	dCount										;move list count into ECX
 000001ED  8B 15 00000018 R		MOV 	EDX,	dCount								;move dCount into EDX
 000001F3  8B 35 00000004 R		MOV		ESI,	pLastAddr							;move the address in pLastAddr into ESI
 000001F9  8B 4E 08			MOV	 	ECX,	(ListNode PTR [ESI]).dPosition		;increment count
					
					;set pointer if list is null
				.IF ECX == 0			
 00000200  A3 00000000 R		MOV	 	pListHead, EAX								;set list head to current address in EAX
					
					;set pointers if list has at least one element
				.ELSE
 00000207  89 46 04			MOV		(ListNode PTR [ESI]).NextPtr, EAX			;set the last list items NextPtr equal to the address in EAX
					
				.ENDIF
 0000020A  8B 1D 0000001C R		MOV		EBX,	mHeap
 00000210  89 58 0C			MOV		(ListNode PTR [EAX]).heapHandle, EBX		;move mHeap into heapHandle
 00000213  C7 40 04			MOV		(ListNode PTR [EAX]).NextPtr, OFFSET lListTail;set next pointer to NULL
	   00000008 R
 0000021A  A3 00000004 R		MOV 	pLastAddr, 	EAX								;save the last address to memory
 0000021F  89 50 08			MOV 	(ListNode PTR [EAX]).dPosition, EDX			;move count # into dPosition
 00000222  BA 00000269 R		MOV 	EDX,	OFFSET strInput						;move the offset address of strInput into EDX
 00000227  E8 00000000 E		CALL	WriteString									;write the string of address EDX to the console
 0000022C  E8 00000007			CALL	getStringInput								;call getString, get string data from keyboard
 00000231  89 18			MOV		(ListNode PTR [EAX]).NodeData, EBX			;move the new string address into .NodeData
					
 00000233			QUIT:
					RET
 00000238			createOne	ENDP



				;---------------------------------------------------------------------------------------
 00000238			getStringInput		PROC		USES	EAX	EDX	ECX ESI
				;
				;		This procedure is invoked by createOne and will display a prompt asking for an input
				;	string.  512 bytes of memory will be allocated for the string and the new string will
				;	be stored at that address.  The newly allocated memory's address will be returned in EBX.
				;	Receives:	Nothing
				;	Returns:	Newly allocated memory address in EBX register
				;---------------------------------------------------------------------------------------
					INVOKE	getString, addr strBuffer, 512				;get the string from the console
					
 0000024B  BE 00000337 R		MOV		ESI,	OFFSET strBuffer
 00000250  E8 00000026			CALL	getCount									;get the number of characters in strBuffer
 00000255  03 0D 0000053C R		ADD		ECX,	dAllocatedBytes						;add number dAllocatedBytes to number of bytes allocated
 0000025B  89 0D 0000053C R		MOV		dAllocatedBytes,		ECX					;save the new value to memory
					
					;INVOKE 	GetProcessHeap								;get the process heap handle
					;MOV		mHeap, 	EAX									;move the handle into memory
					INVOKE 	HeapAlloc, mHeap, HEAP_ZERO_MEMORY, ECX		;allocate memory on the heap
 0000026F  8B D8			MOV 	EBX,	EAX									;move the address in EAX into EBX
					
 00000271  E8 00000021			CALL	stringCopy									;copy strBuffer into new address
					
					RET
 0000027B			getStringInput		ENDP



				;---------------------------------------------------------------------------------------
 0000027B			getCount		PROC		USES	EAX	ESI
				;
				;		This procedure will count how many characters are in the byte array addressed in ESI.
				;	All characters will be counted until a null, 0h, is reached indicating the end of the 
				;	string.
				;	Receives:	address of string to be counter in ESI
				;	Returns:	# of characters to ECX
				;---------------------------------------------------------------------------------------
 0000027D  BE 00000337 R		MOV		ESI,	OFFSET strBuffer					;move the offset address of strBuffer into ESI
 00000282  B9 00000000			MOV		ECX,	0									;clear ECX
					
 00000287			L1:
 00000287  8A 06			MOV		AL,		[ESI]								;move the nth element of [ESI] into AL
 00000289  3C 00			CMP		AL,		0									;nth element to 0
 0000028B  74 04			JE		RETURN										;jump if nth element equals 0
 0000028D  46				INC		ESI											;go to nth + 1 element
 0000028E  41				INC		ECX											;increment ECX
 0000028F  EB F6			JMP		L1											;jump to L1
 00000291			RETURN:	
 00000291  83 C1 02			ADD		ECX,	2									;include cr and lf
					RET
 00000297			getCount		ENDP



				;---------------------------------------------------------------------------------------
 00000297			stringCopy		PROC		USES	EBX	ESI
				;
				;		This procedure copies the contents of strBuffer into a newly allocated string address.
				;	All elements will be copied until a null character, 0h, is reached.  The address is 
				;	received through the EAX register.
				;
				;	Receives:	New string address in EAX
				;	Returns:	Nothing
				;---------------------------------------------------------------------------------------
 00000299  BE 00000337 R		MOV		ESI,	OFFSET strBuffer					;move the offset address of strBuffer into ESI
					
 0000029E			L1:
 0000029E  8A 1E			MOV		BL,		[ESI]								;move the nth element of [ESI] into BL
 000002A0  80 FB 00			CMP		BL,		0									;compare nth element to 0
 000002A3  74 06			JE		RETURN										;jump if nth element equals 0
 000002A5  88 18			MOV		[EAX],	BL									;move BL into the nth element into [EAX]
 000002A7  46				INC		ESI											;go to nth + 1 element of ESI
 000002A8  40				INC		EAX											;go to nth + 1 element of EAX
 000002A9  EB F3			JMP		L1											;jump to L1
					
 000002AB			RETURN:
 000002AB  B3 0A			MOV		BL,		0Ah
 000002AD  88 18			MOV		[EAX],		BL
 000002AF  B3 0D			MOV		BL,		13
 000002B1  88 58 01			MOV		[EAX + 1],	BL
 000002B4  B3 00			MOV		BL,		0
 000002B6  88 58 02			MOV		[EAX + 2], 	BL
					RET
 000002BC			stringCopy		ENDP



				;---------------------------------------------------------------------------------------
 000002BC			deleteNode		PROC		USES	EDX	EDI	ESI	ECX	EAX	EBX	
				;
				;		This procedure will prompt for an node number (dPosition) to search for and delete.
				;	If the node is found it will be 'unlinked' from the list and its memory de-allocated. A 
				;	message will be displayed reflecting the result of the search/deletion.   
				;
				;---------------------------------------------------------------------------------------
 000002C2  8B 35 00000000 R		MOV		ESI,	pListHead							;ESI == N
				.IF		ESI == OFFSET lListTail
					mWrite "The list is empty."							;display console message
 00000557		     1		.data		
 00000557 54 68 65 20 6C     1		??0002 BYTE "The list is empty.",0	
	   69 73 74 20 69
	   73 20 65 6D 70
	   74 79 2E 00
 000002D0		     1		.code
 000002D0  52		     1		push	edx
 000002D1  BA 00000557 R     1		mov	edx,OFFSET ??0002
 000002D6  E8 00000000 E     1		call	WriteString
 000002DB  5A		     1		pop	edx
 000002DC  E9 000000C1			JMP		QUIT										;jump to quit
				.ENDIF	

 000002E1  BA 000002AE R		MOV		EDX,	OFFSET strIndexInput				;move offset of strIndexInput into EDX
 000002E6  E8 00000000 E		CALL 	WriteString									;write the string of address EDX to the console
					INVOKE	getString, addr	strSelNum, 3				;get string input
					INVOKE	ascint32, addr strSelNum					;convert to 32 integer
 00000301  E8 00000000 E		CALL	Crlf
					
 00000306  BA 00000000			MOV 	EDX,	0
					
 0000030B  BF 00000000 R		MOV 	EDI,	OFFSET pListHead					;EDI == N - 1
 00000310  8B 5E 04			MOV		EBX,	(ListNode PTR [ESI]).NextPtr		;EBX == N + 1
 00000313  8B 4E 08			MOV		ECX,	(ListNode PTR [ESI]).dPosition		;ECX == N.dPosition
					
					;check for item
 00000316			CHECKL:	
					;item not found
				.IF			ECX == 0
					mWrite	"Node not found."							;write not found message to console		
 0000056A		     1		.data		
 0000056A 4E 6F 64 65 20     1		??0003 BYTE "Node not found.",0	
	   6E 6F 74 20 66
	   6F 75 6E 64 2E
	   00
 0000031A		     1		.code
 0000031A  52		     1		push	edx
 0000031B  BA 0000056A R     1		mov	edx,OFFSET ??0003
 00000320  E8 00000000 E     1		call	WriteString
 00000325  5A		     1		pop	edx
 00000326  EB 7A			JMP		QUIT										;item is not found		;jump to QUIT

					;item is found
				.ELSEIF		ECX == EAX
 0000032E  EB 0F			JMP		FOUND										;item is found			;jump to FOUND
				.ELSE	
 00000332  42				INC		EDX
 00000333  8B FE			MOV		EDI,	ESI									;EDI == N				;next loops N - 1
 00000335  8B F3			MOV		ESI,	EBX									;ESI == N + 1			;next loops N
 00000337  8B 5E 04			MOV		EBX,	(ListNode	PTR	[ESI]).NextPtr		;EBX == N + 2			;next loops N + 1
 0000033A  8B 4E 08			MOV		ECX,	(ListNode PTR [ESI]).dPosition		;ECX == N.dPosition
 0000033D  EB D7			JMP		CHECKL
				.ENDIF	
					
					;item found;;	De-allocate memory
 0000033F			FOUND:	
					;target item is last in the list
				.IF		EBX == 0
 00000343  89 3D 00000004 R		MOV		pLastAddr,	EDI								;move the previous address into memory labeled pLastAddr
				.ENDIF
					;target item is first in the list
				.IF		EDX == 0
 0000034D  89 1D 00000000 R		MOV		pListHead,	EBX								;move the next address into memory labeled pListHead
				.ENDIF

					mWrite	"Delete successful!"						;write success message to the console 
 0000057A		     1		.data		
 0000057A 44 65 6C 65 74     1		??0004 BYTE "Delete successful!",0	
	   65 20 73 75 63
	   63 65 73 73 66
	   75 6C 21 00
 00000353		     1		.code
 00000353  52		     1		push	edx
 00000354  BA 0000057A R     1		mov	edx,OFFSET ??0004
 00000359  E8 00000000 E     1		call	WriteString
 0000035E  5A		     1		pop	edx
 0000035F  56				PUSH	ESI											;save contents of ESI
 00000360  8B 16			MOV		EDX,	(ListNode PTR [ESI]).nodeData		;move nodeData into EDX
 00000362  8B F2			MOV		ESI,	EDX									;move nodeData into ESI
 00000364  E8 FFFFFF12			CALL	getCount									;call getCount
 00000369  83 C1 10			ADD		ECX,	16									;add number of bytes for ListNode being deleted
 0000036C  A1 0000053C R		MOV		EAX,	dAllocatedBytes						;move dAllocatedBytes value to EAX
 00000371  2B C1			SUB		EAX,	ECX									;subtract 528 from EAX
 00000373  A3 0000053C R		MOV		dAllocatedBytes,	EAX						;move value in EAX into memory
 00000378  5E				POP		ESI
					
 00000379  8B 46 0C			MOV		EAX,	(ListNode PTR [ESI]).heapHandle		;move the heap handle into EAX
 0000037C  A3 0000001C R		MOV		mHeap,	EAX									;move heapHandle to memory for de-allocation
					INVOKE	HeapFree, mHeap, 0, ESI						;de-allocate

 0000038F  89 5F 04			MOV		(listNode	PTR	[EDI]).NextPtr,	EBX			;move the next address into (previous address).NextPtr
					
 00000392  EB 0E			JMP QUIT
					;item not found
 00000394			NOTFOUND:
					mWrite	"Node not found."							;write not found message to console
 0000058D		     1		.data		
 0000058D 4E 6F 64 65 20     1		??0005 BYTE "Node not found.",0	
	   6E 6F 74 20 66
	   6F 75 6E 64 2E
	   00
 00000394		     1		.code
 00000394  52		     1		push	edx
 00000395  BA 0000058D R     1		mov	edx,OFFSET ??0005
 0000039A  E8 00000000 E     1		call	WriteString
 0000039F  5A		     1		pop	edx
 000003A0  EB 00			JMP		QUIT
					;immediate quit
 000003A2			QUIT:
					RET
 000003A9			deleteNode		ENDP



				;---------------------------------------------------------------------------------------
 000003A9			editTarget		PROC		USES	EDX	EDI	ESI	EBX	ECX	EAX
				;
				;		This procedure will prompt for a list index number and search the list for the given 
				;	index.  If the index is found another prompt will be printed to the console asking for a 
				;	replacement string.  The given string will have new memory generated from the heap and 
				;	its address moved into the respective N.NodeData field of the STRUCT.
				;	Receives:	Nothing
				;	Returns:	Nothing
				;---------------------------------------------------------------------------------------
 000003AF  8B 35 00000000 R		MOV		ESI,	pListHead							;ESI == N
				.IF		ESI == OFFSET lListTail
					mWrite "The list is empty."							;display console message
 0000059D		     1		.data		
 0000059D 54 68 65 20 6C     1		??0006 BYTE "The list is empty.",0	
	   69 73 74 20 69
	   73 20 65 6D 70
	   74 79 2E 00
 000003BD		     1		.code
 000003BD  52		     1		push	edx
 000003BE  BA 0000059D R     1		mov	edx,OFFSET ??0006
 000003C3  E8 00000000 E     1		call	WriteString
 000003C8  5A		     1		pop	edx
 000003C9  E9 00000081			JMP		QUIT										;jump to quit
				.ENDIF	
					
 000003CE  BA 000002AE R		MOV		EDX,	OFFSET strIndexInput				;move offset of strIndexInput into EDX
 000003D3  E8 00000000 E		CALL 	WriteString									;write the string of address EDX to the console
					INVOKE	getString, addr	strSelNum, 3				;get string input
					INVOKE	ascint32, addr strSelNum					;convert to 32 integer
 000003EE  E8 00000000 E		CALL	Crlf
					
 000003F3  BA 00000000			MOV 	EDX,	0
					
 000003F8  BF 00000000 R		MOV 	EDI,	OFFSET pListHead					;EDI == N - 1
 000003FD  8B 5E 04			MOV		EBX,	(ListNode PTR [ESI]).NextPtr		;EBX == N + 1
 00000400  8B 4E 08			MOV		ECX,	(ListNode PTR [ESI]).dPosition		;ECX == N.dPosition
					
					
					;check for item
 00000403			CHECKL:	
					;item not found
				.IF			ECX == 0
					mWrite	"Node not found."							;write not found message to console		
 000005B0		     1		.data		
 000005B0 4E 6F 64 65 20     1		??0007 BYTE "Node not found.",0	
	   6E 6F 74 20 66
	   6F 75 6E 64 2E
	   00
 00000407		     1		.code
 00000407  52		     1		push	edx
 00000408  BA 000005B0 R     1		mov	edx,OFFSET ??0007
 0000040D  E8 00000000 E     1		call	WriteString
 00000412  5A		     1		pop	edx
 00000413  EB 3A			JMP		QUIT										;item is not found		;jump to QUIT

					;item is found
				.ELSEIF		ECX == EAX
 0000041B  EB 0F			JMP		FOUND										;item is found			;jump to FOUND
				.ELSE	
 0000041F  42				INC		EDX
 00000420  8B FE			MOV		EDI,	ESI									;EDI == N				;next loops N - 1
 00000422  8B F3			MOV		ESI,	EBX									;ESI == N + 1			;next loops N
 00000424  8B 5E 04			MOV		EBX,	(ListNode	PTR	[ESI]).NextPtr		;EBX == N + 2			;next loops N + 1
 00000427  8B 4E 08			MOV		ECX,	(ListNode PTR [ESI]).dPosition		;ECX == N.dPosition
 0000042A  EB D7			JMP		CHECKL
				.ENDIF	
					
					;item found;;	Edit string
 0000042C			FOUND:	
					;target item is last in the list
 0000042C  E8 FFFFFE07			CALL	getStringInput								;get the new string
 00000431  89 1E			MOV		(ListNode	PTR	[ESI]).NodeData,	EBX		;move the new string address into nodeData
					
					mWrite	"Edit successful!"							;write success message to the console 
 000005C0		     1		.data		
 000005C0 45 64 69 74 20     1		??0008 BYTE "Edit successful!",0	
	   73 75 63 63 65
	   73 73 66 75 6C
	   21 00
 00000433		     1		.code
 00000433  52		     1		push	edx
 00000434  BA 000005C0 R     1		mov	edx,OFFSET ??0008
 00000439  E8 00000000 E     1		call	WriteString
 0000043E  5A		     1		pop	edx
					
 0000043F  EB 0E			JMP QUIT
					;item not found
 00000441			NOTFOUND:
					mWrite	"Node not found."							;write not found message to console
 000005D1		     1		.data		
 000005D1 4E 6F 64 65 20     1		??0009 BYTE "Node not found.",0	
	   6E 6F 74 20 66
	   6F 75 6E 64 2E
	   00
 00000441		     1		.code
 00000441  52		     1		push	edx
 00000442  BA 000005D1 R     1		mov	edx,OFFSET ??0009
 00000447  E8 00000000 E     1		call	WriteString
 0000044C  5A		     1		pop	edx
 0000044D  EB 00			JMP		QUIT
					;immediate quit
 0000044F			QUIT:
					RET
 00000456			editTarget		ENDP



				;---------------------------------------------------------------------------------------
 00000456			substringSearch		PROC		USES	EAX	EBX	ECX	EDX	ESI EDI
				;
				;		This procedure will search all the strings in the linked list for a match to the sub 
				;	string.  If a match is found the string will be printed to the console.
				;
				;	Receives:	Nothing
				;	Returns:	Nothing
				;---------------------------------------------------------------------------------------
 0000045C  8B 35 00000000 R		MOV		ESI,	pListHead							;ESI == N
					
				.IF		ESI == OFFSET lListTail
					mWrite "The list is empty."							;display console message
 000005E1		     1		.data		
 000005E1 54 68 65 20 6C     1		??000A BYTE "The list is empty.",0	
	   69 73 74 20 69
	   73 20 65 6D 70
	   74 79 2E 00
 0000046A		     1		.code
 0000046A  52		     1		push	edx
 0000046B  BA 000005E1 R     1		mov	edx,OFFSET ??000A
 00000470  E8 00000000 E     1		call	WriteString
 00000475  5A		     1		pop	edx
 00000476  EB 7E			JMP		QUIT										;jump to QUIT
				.ELSE
 0000047A  BA 0000030B R		MOV		EDX,	OFFSET strSubPrompt					;move offset address of strSubPrompt into EDX
 0000047F  E8 00000000 E		CALL	WriteString									;write msg to the console
 00000484  E8 FFFFFDAF			CALL	getStringInput								;call getStringInput, dynamically allocate a string
 00000489  E8 00000000 E		CALL	Crlf										;call Crlf, go to the next line
				.ENDIF	

 0000048E  8B C3			MOV		EAX, 	EBX									;move the address of the new string into EDI
 00000490  B9 00000000			MOV		ECX,	0									;clear ECX
					
 00000495			START:
 00000495  8B F8			MOV		EDI,	EAX									;restore to EDI
 00000497  8B 16			MOV		EDX,	(ListNode PTR [ESI]).nodeData		;move N.nodeData into EDX
 00000499			SUBSRCH:
 00000499  8A 1A			MOV		BL,		[EDX]								;move nth element of List string into BL
					
				.IF		BL == 0
					.IF	BYTE PTR [EDI] == 0	
 000004A4  EB 0D			JMP		MATCH										;match was found
					.ENDIF
 000004A6  EB 33			JMP		NEXT										;at the end of list string
				.ENDIF	
					
				.IF	BYTE PTR [EDI] == BL
 000004AC  42				INC		EDX											;go to the next list string element
 000004AD  47				INC		EDI											;go to the next search string element
				.ELSE
 000004B0  42				INC		EDX											;go to the next list string element
				.ENDIF	
 000004B1  EB E6			JMP 	SUBSRCH										;jump subsrch

 000004B3			MATCH:	
 000004B3  41				INC	ECX												;increment match counter
				.IF		ECX == 1
 000004B9  E8 00000000 E		CALL	Crlf										;call Crlf, go to the next line
					mWrite	"Matches found: "							;display match msg
 000005F4		     1		.data		
 000005F4 4D 61 74 63 68     1		??000B BYTE "Matches found: ",0	
	   65 73 20 66 6F
	   75 6E 64 3A 20
	   00
 000004BE		     1		.code
 000004BE  52		     1		push	edx
 000004BF  BA 000005F4 R     1		mov	edx,OFFSET ??000B
 000004C4  E8 00000000 E     1		call	WriteString
 000004C9  5A		     1		pop	edx
 000004CA  E8 00000000 E		CALL	Crlf										;call Crlf, go to the next line
				.ENDIF
 000004CF  8B 16			MOV		EDX,	(ListNode PTR [ESI]).nodeData		;move N.nodeData into EDX
 000004D1  E8 00000000 E		CALL	WriteString									;Write the string to the console
 000004D6  E8 00000000 E		CALL	Crlf										;go to the next line
 000004DB			NEXT:
 000004DB  8B 5E 04			MOV		EBX,	(ListNode PTR [ESI]).NextPtr		;move the next node address into EBX
 000004DE  8B F3			MOV		ESI,	EBX									;move the net address into ESI
 000004E0  81 FE 00000008 R		CMP		ESI,	OFFSET lListTail					;compare EBX to 0
 000004E6  74 02			JE		RETURN										;jump if equal
 000004E8  EB AB			JMP START											;jump to start
					
 000004EA			RETURN:	
					mWrite 	"End of search."							;write ending search message to console
 00000604		     1		.data		
 00000604 45 6E 64 20 6F     1		??000C BYTE "End of search.",0	
	   66 20 73 65 61
	   72 63 68 2E 00
 000004EA		     1		.code
 000004EA  52		     1		push	edx
 000004EB  BA 00000604 R     1		mov	edx,OFFSET ??000C
 000004F0  E8 00000000 E     1		call	WriteString
 000004F5  5A		     1		pop	edx
 000004F6			QUIT:
				.IF		ECX == 0
					mWrite	"No matches were found."					;write no matches found msg to console
 00000613		     1		.data		
 00000613 4E 6F 20 6D 61     1		??000D BYTE "No matches were found.",0	
	   74 63 68 65 73
	   20 77 65 72 65
	   20 66 6F 75 6E
	   64 2E 00
 000004FA		     1		.code
 000004FA  52		     1		push	edx
 000004FB  BA 00000613 R     1		mov	edx,OFFSET ??000D
 00000500  E8 00000000 E     1		call	WriteString
 00000505  5A		     1		pop	edx
				.ENDIF
 00000506  E8 00000000 E		CALL	Crlf										;call Crlf, go to the next line
					
					RET
 00000512			substringSearch		ENDP



				;---------------------------------------------------------------------------------------
 00000512			saveListToFile		PROC		USES	ESI	EAX	EBX	ECX	EDX	
				;
				;		This procedure saves every string in the list into an output file named 'Save.txt'.
				;	After all items have been saved a message will output how many bytes were saved into 
				;	the file.  This procedure completely overwrites the current Save.txt and all of its
				;	contents.
				;
				;	Receives:	Nothing
				;	Returns:	Nothing
				;---------------------------------------------------------------------------------------
 00000517  8B 35 00000000 R		MOV		ESI,	pListHead							;ESI == N
					
				.IF		ESI == OFFSET lListTail
					mWrite "The list is empty."							;display console message
 0000062A		     1		.data		
 0000062A 54 68 65 20 6C     1		??000E BYTE "The list is empty.",0	
	   69 73 74 20 69
	   73 20 65 6D 70
	   74 79 2E 00
 00000525		     1		.code
 00000525  52		     1		push	edx
 00000526  BA 0000062A R     1		mov	edx,OFFSET ??000E
 0000052B  E8 00000000 E     1		call	WriteString
 00000530  5A		     1		pop	edx
 00000531  E9 000000A6			JMP		QUIT										;jump to QUIT
				.ENDIF	

					INVOKE 		CreateFile,	ADDR strSaveFile, GENERIC_WRITE, DO_NOT_SHARE, NULL, CREATE_ALWAYS, FILE_ATTRIBUTE_NORMAL, 0

				.IF		EAX == INVALID_HANDLE_VALUE
					mWrite "Error occured while opening file."			;write the error msg to the console
 0000063D		     1		.data		
 0000063D 45 72 72 6F 72     1		??000F BYTE "Error occured while opening file.",0	
	   20 6F 63 63 75
	   72 65 64 20 77
	   68 69 6C 65 20
	   6F 70 65 6E 69
	   6E 67 20 66 69
	   6C 65 2E 00
 00000557		     1		.code
 00000557  52		     1		push	edx
 00000558  BA 0000063D R     1		mov	edx,OFFSET ??000F
 0000055D  E8 00000000 E     1		call	WriteString
 00000562  5A		     1		pop	edx
 00000563  EB 77			JMP		QUIT
				.ELSE
					mWrite "Opened file 'Save.txt'."					;write the success msg to the console
 0000065F		     1		.data		
 0000065F 4F 70 65 6E 65     1		??0010 BYTE "Opened file 'Save.txt'.",0	
	   64 20 66 69 6C
	   65 20 27 53 61
	   76 65 2E 74 78
	   74 27 2E 00
 00000567		     1		.code
 00000567  52		     1		push	edx
 00000568  BA 0000065F R     1		mov	edx,OFFSET ??0010
 0000056D  E8 00000000 E     1		call	WriteString
 00000572  5A		     1		pop	edx
 00000573  E8 00000000 E		CALL 	Crlf										;call Crlf, go to the next line
 00000578  A3 00000031 R		MOV		hFileHandle,	EAX							;move the file handle to memory
				.ENDIF

 0000057D  B8 00000000			MOV		EAX,	0									;clear EAX
 00000582  A3 00000039 R		MOV		dBytesWritten, EAX							;clear dBytesWritten
 00000587  6A 00			PUSH	0											;push 0 for the loop
 00000589			WRITE:
 00000589  83 7E 08 00			CMP		DWORD PTR (ListNode PTR [ESI]).dPosition, 0	;compare N.dPosition to 0
 0000058D  74 2E			JE		RETURN										;jump to RETURN if equal
 0000058F  8B 16			MOV		EDX,	(ListNode PTR [ESI]).nodeData		;move the node data into EDX
 00000591  56				PUSH	ESI											;push ESI onto the stack
 00000592  8B F2			MOV		ESI,	EDX									;move EDX into ESI for getCount
 00000594  E8 FFFFFCE2			CALL	getCount									;call getCount, result is in ECX
 00000599  5E				POP		ESI											;restore ESI
					
					;EDX = pointer to string, ECX = # of bytes to write to file, EAX = number of bytes written after execution
					INVOKE WriteFile, hFileHandle, EDX, ECX, addr dBytesWritten, 0 
					
 000005AE  8B 5E 04			MOV		EBX, 	(ListNode PTR [ESI]).NextPtr		;move the next address into EBX
 000005B1  8B F3			MOV		ESI,	EBX									;move the next address into ESI ; ESI = n
 000005B3  5B				POP		EBX											;restore EBX   
 000005B4  03 1D 00000039 R		ADD		EBX,	dBytesWritten						;add bytes written to EBX
 000005BA  53				PUSH	EBX											;push EBX
 000005BB  EB CC			JMP		WRITE										;jump to WRITE

 000005BD			RETURN:
					;close the file referenced by the handle hFileHandle
					INVOKE 	CloseHandle, hFileHandle					
					
 000005C8  5B				POP		EBX											;restore EBX
 000005C9  8B C3			MOV		EAX, 	EBX									;move EBX into EAX for WriteDec
 000005CB  E8 00000000 E		CALL	WriteDec									;call WriteDec, display EAXs value to the console
					mWrite	" bytes were written to the file."			;display the written bytes msg to the console
 00000677		     1		.data		
 00000677 20 62 79 74 65     1		??0011 BYTE " bytes were written to the file.",0	
	   73 20 77 65 72
	   65 20 77 72 69
	   74 74 65 6E 20
	   74 6F 20 74 68
	   65 20 66 69 6C
	   65 2E 00
 000005D0		     1		.code
 000005D0  52		     1		push	edx
 000005D1  BA 00000677 R     1		mov	edx,OFFSET ??0011
 000005D6  E8 00000000 E     1		call	WriteString
 000005DB  5A		     1		pop	edx
					
 000005DC			QUIT:	
					RET
 000005E2			saveListToFile		ENDP



				;---------------------------------------------------------------------------------------

				;---------------------------------------------------------------------------------------



				;---------------------------------------------------------------------------------------

				end main												;end of main

































Microsoft (R) Macro Assembler Version 14.00.23506.0	    05/01/18 17:29:37
masm4.asm						     Symbols 2 - 1




Macros:

                N a m e                 Type

IsDefined  . . . . . . . . . . .	Func
Startup  . . . . . . . . . . . .	Proc
mDumpMem . . . . . . . . . . . .	Proc
mDump  . . . . . . . . . . . . .	Proc
mGotoxy  . . . . . . . . . . . .	Proc
mReadString  . . . . . . . . . .	Proc
mShowRegister  . . . . . . . . .	Proc
mShow  . . . . . . . . . . . . .	Proc
mWriteLn . . . . . . . . . . . .	Proc
mWriteSpace  . . . . . . . . . .	Proc
mWriteString . . . . . . . . . .	Proc
mWrite . . . . . . . . . . . . .	Proc


Structures and Unions:

                N a m e                  Size
                                         Offset      Type

CONSOLE_CURSOR_INFO  . . . . . .	 00000008
  dwSize . . . . . . . . . . . .	 00000000	 DWord
  bVisible . . . . . . . . . . .	 00000004	 DWord
CONSOLE_SCREEN_BUFFER_INFO . . .	 00000016
  dwSize . . . . . . . . . . . .	 00000000	 DWord
  dwCursorPosition . . . . . . .	 00000004	 DWord
  wAttributes  . . . . . . . . .	 00000008	 Word
  srWindow . . . . . . . . . . .	 0000000A	 QWord
  dwMaximumWindowSize  . . . . .	 00000012	 DWord
COORD  . . . . . . . . . . . . .	 00000004
  X  . . . . . . . . . . . . . .	 00000000	 Word
  Y  . . . . . . . . . . . . . .	 00000002	 Word
FILETIME . . . . . . . . . . . .	 00000008
  loDateTime . . . . . . . . . .	 00000000	 DWord
  hiDateTime . . . . . . . . . .	 00000004	 DWord
FOCUS_EVENT_RECORD . . . . . . .	 00000004
  bSetFocus  . . . . . . . . . .	 00000000	 DWord
FPU_ENVIRON  . . . . . . . . . .	 0000001C
  controlWord  . . . . . . . . .	 00000000	 Word
  statusWord . . . . . . . . . .	 00000004	 Word
  tagWord  . . . . . . . . . . .	 00000008	 Word
  instrPointerOffset . . . . . .	 0000000C	 DWord
  instrPointerSelector . . . . .	 00000010	 DWord
  operandPointerOffset . . . . .	 00000014	 DWord
  operandPointerSelector . . . .	 00000018	 Word
INPUT_RECORD . . . . . . . . . .	 00000014
  EventType  . . . . . . . . . .	 00000000	 Word
  Event  . . . . . . . . . . . .	 00000004	 XmmWord
  bKeyDown . . . . . . . . . . .	 00000000	 DWord
  wRepeatCount . . . . . . . . .	 00000004	 Word
  wVirtualKeyCode  . . . . . . .	 00000006	 Word
  wVirtualScanCode . . . . . . .	 00000008	 Word
  uChar  . . . . . . . . . . . .	 0000000A	 Word
  UnicodeChar  . . . . . . . . .	 00000000	 Word
  AsciiChar  . . . . . . . . . .	 00000000	 Byte
  dwControlKeyState  . . . . . .	 0000000C	 DWord
  dwMousePosition  . . . . . . .	 00000000	 DWord
  dwButtonState  . . . . . . . .	 00000004	 DWord
  dwMouseControlKeyState . . . .	 00000008	 DWord
  dwEventFlags . . . . . . . . .	 0000000C	 DWord
  dwSize . . . . . . . . . . . .	 00000000	 DWord
  dwCommandId  . . . . . . . . .	 00000000	 DWord
  bSetFocus  . . . . . . . . . .	 00000000	 DWord
KEY_EVENT_RECORD . . . . . . . .	 00000010
  bKeyDown . . . . . . . . . . .	 00000000	 DWord
  wRepeatCount . . . . . . . . .	 00000004	 Word
  wVirtualKeyCode  . . . . . . .	 00000006	 Word
  wVirtualScanCode . . . . . . .	 00000008	 Word
  uChar  . . . . . . . . . . . .	 0000000A	 Word
  UnicodeChar  . . . . . . . . .	 00000000	 Word
  AsciiChar  . . . . . . . . . .	 00000000	 Byte
  dwControlKeyState  . . . . . .	 0000000C	 DWord
ListNode . . . . . . . . . . . .	 00000010
  NodeData . . . . . . . . . . .	 00000000	 DWord
  NextPtr  . . . . . . . . . . .	 00000004	 DWord
  dPosition  . . . . . . . . . .	 00000008	 DWord
  heapHandle . . . . . . . . . .	 0000000C	 DWord
MENU_EVENT_RECORD  . . . . . . .	 00000004
  dwCommandId  . . . . . . . . .	 00000000	 DWord
MOUSE_EVENT_RECORD . . . . . . .	 00000010
  dwMousePosition  . . . . . . .	 00000000	 DWord
  dwButtonState  . . . . . . . .	 00000004	 DWord
  dwMouseControlKeyState . . . .	 00000008	 DWord
  dwEventFlags . . . . . . . . .	 0000000C	 DWord
SMALL_RECT . . . . . . . . . . .	 00000008
  Left . . . . . . . . . . . . .	 00000000	 Word
  Top  . . . . . . . . . . . . .	 00000002	 Word
  Right  . . . . . . . . . . . .	 00000004	 Word
  Bottom . . . . . . . . . . . .	 00000006	 Word
SYSTEMTIME . . . . . . . . . . .	 00000010
  wYear  . . . . . . . . . . . .	 00000000	 Word
  wMonth . . . . . . . . . . . .	 00000002	 Word
  wDayOfWeek . . . . . . . . . .	 00000004	 Word
  wDay . . . . . . . . . . . . .	 00000006	 Word
  wHour  . . . . . . . . . . . .	 00000008	 Word
  wMinute  . . . . . . . . . . .	 0000000A	 Word
  wSecond  . . . . . . . . . . .	 0000000C	 Word
  wMilliseconds  . . . . . . . .	 0000000E	 Word
WINDOW_BUFFER_SIZE_RECORD  . . .	 00000004
  dwSize . . . . . . . . . . . .	 00000000	 DWord


Segments and Groups:

                N a m e                 Size     Length   Align   Combine Class

FLAT . . . . . . . . . . . . . .	GROUP
STACK  . . . . . . . . . . . . .	32 Bit	 00001000 Para	  Stack	  'STACK'	 
_DATA  . . . . . . . . . . . . .	32 Bit	 00000698 Para	  Public  'DATA'	
_TEXT  . . . . . . . . . . . . .	32 Bit	 000005E2 Para	  Public  'CODE'	


Procedures, parameters, and locals:

                N a m e                 Type     Value    Attr

CloseFile  . . . . . . . . . . .	P Near	 00000000 FLAT	Length= 00000000 External STDCALL
CloseHandle  . . . . . . . . . .	P Near	 00000000 FLAT	Length= 00000000 External STDCALL
Clrscr . . . . . . . . . . . . .	P Near	 00000000 FLAT	Length= 00000000 External STDCALL
CreateFileA  . . . . . . . . . .	P Near	 00000000 FLAT	Length= 00000000 External STDCALL
CreateOutputFile . . . . . . . .	P Near	 00000000 FLAT	Length= 00000000 External STDCALL
Crlf . . . . . . . . . . . . . .	P Near	 00000000 FLAT	Length= 00000000 External STDCALL
Delay  . . . . . . . . . . . . .	P Near	 00000000 FLAT	Length= 00000000 External STDCALL
DumpMem  . . . . . . . . . . . .	P Near	 00000000 FLAT	Length= 00000000 External STDCALL
DumpRegs . . . . . . . . . . . .	P Near	 00000000 FLAT	Length= 00000000 External STDCALL
ExitProcess  . . . . . . . . . .	P Near	 00000000 FLAT	Length= 00000000 External STDCALL
FileTimeToDosDateTime  . . . . .	P Near	 00000000 FLAT	Length= 00000000 External STDCALL
FileTimeToSystemTime . . . . . .	P Near	 00000000 FLAT	Length= 00000000 External STDCALL
FlushConsoleInputBuffer  . . . .	P Near	 00000000 FLAT	Length= 00000000 External STDCALL
FormatMessageA . . . . . . . . .	P Near	 00000000 FLAT	Length= 00000000 External STDCALL
GetCommandLineA  . . . . . . . .	P Near	 00000000 FLAT	Length= 00000000 External STDCALL
GetCommandTail . . . . . . . . .	P Near	 00000000 FLAT	Length= 00000000 External STDCALL
GetConsoleCP . . . . . . . . . .	P Near	 00000000 FLAT	Length= 00000000 External STDCALL
GetConsoleCursorInfo . . . . . .	P Near	 00000000 FLAT	Length= 00000000 External STDCALL
GetConsoleMode . . . . . . . . .	P Near	 00000000 FLAT	Length= 00000000 External STDCALL
GetConsoleScreenBufferInfo . . .	P Near	 00000000 FLAT	Length= 00000000 External STDCALL
GetDateTime  . . . . . . . . . .	P Near	 00000000 FLAT	Length= 00000000 External STDCALL
GetFileTime  . . . . . . . . . .	P Near	 00000000 FLAT	Length= 00000000 External STDCALL
GetKeyState  . . . . . . . . . .	P Near	 00000000 FLAT	Length= 00000000 External STDCALL
GetLastError . . . . . . . . . .	P Near	 00000000 FLAT	Length= 00000000 External STDCALL
GetLocalTime . . . . . . . . . .	P Near	 00000000 FLAT	Length= 00000000 External STDCALL
GetMaxXY . . . . . . . . . . . .	P Near	 00000000 FLAT	Length= 00000000 External STDCALL
GetMseconds  . . . . . . . . . .	P Near	 00000000 FLAT	Length= 00000000 External STDCALL
GetNumberOfConsoleInputEvents  .	P Near	 00000000 FLAT	Length= 00000000 External STDCALL
GetProcessHeap . . . . . . . . .	P Near	 00000000 FLAT	Length= 00000000 External STDCALL
GetStdHandle . . . . . . . . . .	P Near	 00000000 FLAT	Length= 00000000 External STDCALL
GetSystemTime  . . . . . . . . .	P Near	 00000000 FLAT	Length= 00000000 External STDCALL
GetTextColor . . . . . . . . . .	P Near	 00000000 FLAT	Length= 00000000 External STDCALL
GetTickCount . . . . . . . . . .	P Near	 00000000 FLAT	Length= 00000000 External STDCALL
Gotoxy . . . . . . . . . . . . .	P Near	 00000000 FLAT	Length= 00000000 External STDCALL
HeapAlloc  . . . . . . . . . . .	P Near	 00000000 FLAT	Length= 00000000 External STDCALL
HeapCreate . . . . . . . . . . .	P Near	 00000000 FLAT	Length= 00000000 External STDCALL
HeapDestroy  . . . . . . . . . .	P Near	 00000000 FLAT	Length= 00000000 External STDCALL
HeapFree . . . . . . . . . . . .	P Near	 00000000 FLAT	Length= 00000000 External STDCALL
HeapSize . . . . . . . . . . . .	P Near	 00000000 FLAT	Length= 00000000 External STDCALL
IsDigit  . . . . . . . . . . . .	P Near	 00000000 FLAT	Length= 00000000 External STDCALL
LocalFree  . . . . . . . . . . .	P Near	 00000000 FLAT	Length= 00000000 External STDCALL
MessageBoxA  . . . . . . . . . .	P Near	 00000000 FLAT	Length= 00000000 External STDCALL
MsgBoxAsk  . . . . . . . . . . .	P Near	 00000000 FLAT	Length= 00000000 External STDCALL
MsgBox . . . . . . . . . . . . .	P Near	 00000000 FLAT	Length= 00000000 External STDCALL
OpenInputFile  . . . . . . . . .	P Near	 00000000 FLAT	Length= 00000000 External STDCALL
ParseDecimal32 . . . . . . . . .	P Near	 00000000 FLAT	Length= 00000000 External STDCALL
ParseInteger32 . . . . . . . . .	P Near	 00000000 FLAT	Length= 00000000 External STDCALL
PeekConsoleInputA  . . . . . . .	P Near	 00000000 FLAT	Length= 00000000 External STDCALL
Random32 . . . . . . . . . . . .	P Near	 00000000 FLAT	Length= 00000000 External STDCALL
RandomRange  . . . . . . . . . .	P Near	 00000000 FLAT	Length= 00000000 External STDCALL
Randomize  . . . . . . . . . . .	P Near	 00000000 FLAT	Length= 00000000 External STDCALL
ReadChar . . . . . . . . . . . .	P Near	 00000000 FLAT	Length= 00000000 External STDCALL
ReadConsoleA . . . . . . . . . .	P Near	 00000000 FLAT	Length= 00000000 External STDCALL
ReadConsoleInputA  . . . . . . .	P Near	 00000000 FLAT	Length= 00000000 External STDCALL
ReadDec  . . . . . . . . . . . .	P Near	 00000000 FLAT	Length= 00000000 External STDCALL
ReadFile . . . . . . . . . . . .	P Near	 00000000 FLAT	Length= 00000000 External STDCALL
ReadFloat  . . . . . . . . . . .	P Near	 00000000 FLAT	Length= 00000000 External STDCALL
ReadFromFile . . . . . . . . . .	P Near	 00000000 FLAT	Length= 00000000 External STDCALL
ReadHex  . . . . . . . . . . . .	P Near	 00000000 FLAT	Length= 00000000 External STDCALL
ReadInt  . . . . . . . . . . . .	P Near	 00000000 FLAT	Length= 00000000 External STDCALL
ReadKeyFlush . . . . . . . . . .	P Near	 00000000 FLAT	Length= 00000000 External STDCALL
ReadKey  . . . . . . . . . . . .	P Near	 00000000 FLAT	Length= 00000000 External STDCALL
ReadString . . . . . . . . . . .	P Near	 00000000 FLAT	Length= 00000000 External STDCALL
SetConsoleCursorInfo . . . . . .	P Near	 00000000 FLAT	Length= 00000000 External STDCALL
SetConsoleCursorPosition . . . .	P Near	 00000000 FLAT	Length= 00000000 External STDCALL
SetConsoleMode . . . . . . . . .	P Near	 00000000 FLAT	Length= 00000000 External STDCALL
SetConsoleScreenBufferSize . . .	P Near	 00000000 FLAT	Length= 00000000 External STDCALL
SetConsoleTextAttribute  . . . .	P Near	 00000000 FLAT	Length= 00000000 External STDCALL
SetConsoleTitleA . . . . . . . .	P Near	 00000000 FLAT	Length= 00000000 External STDCALL
SetConsoleWindowInfo . . . . . .	P Near	 00000000 FLAT	Length= 00000000 External STDCALL
SetFilePointer . . . . . . . . .	P Near	 00000000 FLAT	Length= 00000000 External STDCALL
SetLocalTime . . . . . . . . . .	P Near	 00000000 FLAT	Length= 00000000 External STDCALL
SetTextColor . . . . . . . . . .	P Near	 00000000 FLAT	Length= 00000000 External STDCALL
ShowFPUStack . . . . . . . . . .	P Near	 00000000 FLAT	Length= 00000000 External STDCALL
Sleep  . . . . . . . . . . . . .	P Near	 00000000 FLAT	Length= 00000000 External STDCALL
StrLength  . . . . . . . . . . .	P Near	 00000000 FLAT	Length= 00000000 External STDCALL
Str_compare  . . . . . . . . . .	P Near	 00000000 FLAT	Length= 00000000 External STDCALL
Str_copy . . . . . . . . . . . .	P Near	 00000000 FLAT	Length= 00000000 External STDCALL
Str_length . . . . . . . . . . .	P Near	 00000000 FLAT	Length= 00000000 External STDCALL
Str_trim . . . . . . . . . . . .	P Near	 00000000 FLAT	Length= 00000000 External STDCALL
Str_ucase  . . . . . . . . . . .	P Near	 00000000 FLAT	Length= 00000000 External STDCALL
SystemTimeToFileTime . . . . . .	P Near	 00000000 FLAT	Length= 00000000 External STDCALL
WaitMsg  . . . . . . . . . . . .	P Near	 00000000 FLAT	Length= 00000000 External STDCALL
WriteBinB  . . . . . . . . . . .	P Near	 00000000 FLAT	Length= 00000000 External STDCALL
WriteBin . . . . . . . . . . . .	P Near	 00000000 FLAT	Length= 00000000 External STDCALL
WriteChar  . . . . . . . . . . .	P Near	 00000000 FLAT	Length= 00000000 External STDCALL
WriteConsoleA  . . . . . . . . .	P Near	 00000000 FLAT	Length= 00000000 External STDCALL
WriteConsoleOutputAttribute  . .	P Near	 00000000 FLAT	Length= 00000000 External STDCALL
WriteConsoleOutputCharacterA . .	P Near	 00000000 FLAT	Length= 00000000 External STDCALL
WriteDec . . . . . . . . . . . .	P Near	 00000000 FLAT	Length= 00000000 External STDCALL
WriteFile  . . . . . . . . . . .	P Near	 00000000 FLAT	Length= 00000000 External STDCALL
WriteFloat . . . . . . . . . . .	P Near	 00000000 FLAT	Length= 00000000 External STDCALL
WriteHexB  . . . . . . . . . . .	P Near	 00000000 FLAT	Length= 00000000 External STDCALL
WriteHex . . . . . . . . . . . .	P Near	 00000000 FLAT	Length= 00000000 External STDCALL
WriteInt . . . . . . . . . . . .	P Near	 00000000 FLAT	Length= 00000000 External STDCALL
WriteStackFrameName  . . . . . .	P Near	 00000000 FLAT	Length= 00000000 External STDCALL
WriteStackFrame  . . . . . . . .	P Near	 00000000 FLAT	Length= 00000000 External STDCALL
WriteString  . . . . . . . . . .	P Near	 00000000 FLAT	Length= 00000000 External STDCALL
WriteToFile  . . . . . . . . . .	P Near	 00000000 FLAT	Length= 00000000 External STDCALL
WriteWindowsMsg  . . . . . . . .	P Near	 00000000 FLAT	Length= 00000000 External STDCALL
ascint32 . . . . . . . . . . . .	P Near	 00000000 FLAT	Length= 00000000 External STDCALL
createOne  . . . . . . . . . . .	P Near	 000001B3 _TEXT	Length= 00000085 Public STDCALL
  QUIT . . . . . . . . . . . . .	L Near	 00000233 _TEXT	
deleteNode . . . . . . . . . . .	P Near	 000002BC _TEXT	Length= 000000ED Public STDCALL
  CHECKL . . . . . . . . . . . .	L Near	 00000316 _TEXT	
  FOUND  . . . . . . . . . . . .	L Near	 0000033F _TEXT	
  NOTFOUND . . . . . . . . . . .	L Near	 00000394 _TEXT	
  QUIT . . . . . . . . . . . . .	L Near	 000003A2 _TEXT	
displayMenu  . . . . . . . . . .	P Near	 0000004A _TEXT	Length= 0000003B Public STDCALL
  MENU . . . . . . . . . . . . .	L Near	 0000004B _TEXT	
dumpList . . . . . . . . . . . .	P Near	 0000015E _TEXT	Length= 00000055 Public STDCALL
  WLOOP  . . . . . . . . . . . .	L Near	 0000017A _TEXT	
  EMPTY  . . . . . . . . . . . .	L Near	 000001A4 _TEXT	
  RETURN . . . . . . . . . . . .	L Near	 000001AE _TEXT	
editTarget . . . . . . . . . . .	P Near	 000003A9 _TEXT	Length= 000000AD Public STDCALL
  CHECKL . . . . . . . . . . . .	L Near	 00000403 _TEXT	
  FOUND  . . . . . . . . . . . .	L Near	 0000042C _TEXT	
  NOTFOUND . . . . . . . . . . .	L Near	 00000441 _TEXT	
  QUIT . . . . . . . . . . . . .	L Near	 0000044F _TEXT	
getCount . . . . . . . . . . . .	P Near	 0000027B _TEXT	Length= 0000001C Public STDCALL
  L1 . . . . . . . . . . . . . .	L Near	 00000287 _TEXT	
  RETURN . . . . . . . . . . . .	L Near	 00000291 _TEXT	
getSelection . . . . . . . . . .	P Near	 000000B3 _TEXT	Length= 000000AB Public STDCALL
  RETURN . . . . . . . . . . . .	L Near	 00000150 _TEXT	
getStringInput . . . . . . . . .	P Near	 00000238 _TEXT	Length= 00000043 Public STDCALL
getstring  . . . . . . . . . . .	P Near	 00000000 FLAT	Length= 00000000 External STDCALL
main . . . . . . . . . . . . . .	P Near	 00000000 _TEXT	Length= 0000004A Public STDCALL
  MENU . . . . . . . . . . . . .	L Near	 00000023 _TEXT	
  QUIT . . . . . . . . . . . . .	L Near	 0000002F _TEXT	
memoryallocBailey  . . . . . . .	P Near	 00000000 FLAT	Length= 00000000 External STDCALL
printf . . . . . . . . . . . . .	P Near	 00000000 FLAT	Length= 00000000 External C
saveListToFile . . . . . . . . .	P Near	 00000512 _TEXT	Length= 000000D0 Public STDCALL
  WRITE  . . . . . . . . . . . .	L Near	 00000589 _TEXT	
  RETURN . . . . . . . . . . . .	L Near	 000005BD _TEXT	
  QUIT . . . . . . . . . . . . .	L Near	 000005DC _TEXT	
scanf  . . . . . . . . . . . . .	P Near	 00000000 FLAT	Length= 00000000 External C
stringCopy . . . . . . . . . . .	P Near	 00000297 _TEXT	Length= 00000025 Public STDCALL
  L1 . . . . . . . . . . . . . .	L Near	 0000029E _TEXT	
  RETURN . . . . . . . . . . . .	L Near	 000002AB _TEXT	
substringSearch  . . . . . . . .	P Near	 00000456 _TEXT	Length= 000000BC Public STDCALL
  START  . . . . . . . . . . . .	L Near	 00000495 _TEXT	
  SUBSRCH  . . . . . . . . . . .	L Near	 00000499 _TEXT	
  MATCH  . . . . . . . . . . . .	L Near	 000004B3 _TEXT	
  NEXT . . . . . . . . . . . . .	L Near	 000004DB _TEXT	
  RETURN . . . . . . . . . . . .	L Near	 000004EA _TEXT	
  QUIT . . . . . . . . . . . . .	L Near	 000004F6 _TEXT	
validateSelection  . . . . . . .	P Near	 00000085 _TEXT	Length= 0000002E Public STDCALL
  FALSE1 . . . . . . . . . . . .	L Near	 000000AE _TEXT	
  RETURN . . . . . . . . . . . .	L Near	 000000B0 _TEXT	
wsprintfA  . . . . . . . . . . .	P Near	 00000000 FLAT	Length= 00000000 External C


Symbols:

                N a m e                 Type     Value    Attr

??0000 . . . . . . . . . . . . .	Byte	 00000544 _DATA	
??0001 . . . . . . . . . . . . .	Byte	 00000546 _DATA	
??0002 . . . . . . . . . . . . .	Byte	 00000557 _DATA	
??0003 . . . . . . . . . . . . .	Byte	 0000056A _DATA	
??0004 . . . . . . . . . . . . .	Byte	 0000057A _DATA	
??0005 . . . . . . . . . . . . .	Byte	 0000058D _DATA	
??0006 . . . . . . . . . . . . .	Byte	 0000059D _DATA	
??0007 . . . . . . . . . . . . .	Byte	 000005B0 _DATA	
??0008 . . . . . . . . . . . . .	Byte	 000005C0 _DATA	
??0009 . . . . . . . . . . . . .	Byte	 000005D1 _DATA	
??000A . . . . . . . . . . . . .	Byte	 000005E1 _DATA	
??000B . . . . . . . . . . . . .	Byte	 000005F4 _DATA	
??000C . . . . . . . . . . . . .	Byte	 00000604 _DATA	
??000D . . . . . . . . . . . . .	Byte	 00000613 _DATA	
??000E . . . . . . . . . . . . .	Byte	 0000062A _DATA	
??000F . . . . . . . . . . . . .	Byte	 0000063D _DATA	
??0010 . . . . . . . . . . . . .	Byte	 0000065F _DATA	
??0011 . . . . . . . . . . . . .	Byte	 00000677 _DATA	
@CodeSize  . . . . . . . . . . .	Number	 00000000h   
@DataSize  . . . . . . . . . . .	Number	 00000000h   
@Interface . . . . . . . . . . .	Number	 00000003h   
@Model . . . . . . . . . . . . .	Number	 00000007h   
@code  . . . . . . . . . . . . .	Text   	 _TEXT
@data  . . . . . . . . . . . . .	Text   	 FLAT
@fardata?  . . . . . . . . . . .	Text   	 FLAT
@fardata . . . . . . . . . . . .	Text   	 FLAT
@stack . . . . . . . . . . . . .	Text   	 FLAT
ALT_MASK . . . . . . . . . . . .	Number	 00000003h   
CAPSLOCK_ON  . . . . . . . . . .	Number	 00000080h   
CREATE_ALWAYS  . . . . . . . . .	Number	 00000002h   
CREATE_NEW . . . . . . . . . . .	Number	 00000001h   
CTRL_MASK  . . . . . . . . . . .	Number	 0000000Ch   
CreateFile . . . . . . . . . . .	Text   	 CreateFileA
DO_NOT_SHARE . . . . . . . . . .	Number	 00000000h   
ENABLE_ECHO_INPUT  . . . . . . .	Number	 00000004h   
ENABLE_LINE_INPUT  . . . . . . .	Number	 00000002h   
ENABLE_MOUSE_INPUT . . . . . . .	Number	 00000010h   
ENABLE_PROCESSED_INPUT . . . . .	Number	 00000001h   
ENABLE_PROCESSED_OUTPUT  . . . .	Number	 00000001h   
ENABLE_WINDOW_INPUT  . . . . . .	Number	 00000008h   
ENABLE_WRAP_AT_EOL_OUTPUT  . . .	Number	 00000002h   
ENHANCED_KEY . . . . . . . . . .	Number	 00000100h   
FALSE  . . . . . . . . . . . . .	Number	 00000000h   
FILE_APPEND_DATA . . . . . . . .	Number	 00000004h   
FILE_ATTRIBUTE_ARCHIVE . . . . .	Number	 00000020h   
FILE_ATTRIBUTE_COMPRESSED  . . .	Number	 00000800h   
FILE_ATTRIBUTE_DEVICE  . . . . .	Number	 00000040h   
FILE_ATTRIBUTE_DIRECTORY . . . .	Number	 00000010h   
FILE_ATTRIBUTE_ENCRYPTED . . . .	Number	 00004000h   
FILE_ATTRIBUTE_HIDDEN  . . . . .	Number	 00000002h   
FILE_ATTRIBUTE_NORMAL  . . . . .	Number	 00000080h   
FILE_ATTRIBUTE_NOT_CONTENT_INDEXED .	Number	 00002000h   
FILE_ATTRIBUTE_OFFLINE . . . . .	Number	 00001000h   
FILE_ATTRIBUTE_READONLY  . . . .	Number	 00000001h   
FILE_ATTRIBUTE_REPARSE_POINT . .	Number	 00000400h   
FILE_ATTRIBUTE_SPARSE_FILE . . .	Number	 00000200h   
FILE_ATTRIBUTE_SYSTEM  . . . . .	Number	 00000004h   
FILE_ATTRIBUTE_TEMPORARY . . . .	Number	 00000100h   
FILE_BEGIN . . . . . . . . . . .	Number	 00000000h   
FILE_CURRENT . . . . . . . . . .	Number	 00000001h   
FILE_DELETE_CHILD  . . . . . . .	Number	 00000040h   
FILE_END . . . . . . . . . . . .	Number	 00000002h   
FILE_READ_DATA . . . . . . . . .	Number	 00000001h   
FILE_SHARE_DELETE  . . . . . . .	Number	 00000004h   
FILE_SHARE_READ  . . . . . . . .	Number	 00000001h   
FILE_SHARE_WRITE . . . . . . . .	Number	 00000002h   
FILE_WRITE_DATA  . . . . . . . .	Number	 00000002h   
FOCUS_EVENT  . . . . . . . . . .	Number	 00000010h   
FORMAT_MESSAGE_ALLOCATE_BUFFER .	Number	 00000100h   
FORMAT_MESSAGE_FROM_SYSTEM . . .	Number	 00001000h   
FormatMessage  . . . . . . . . .	Text   	 FormatMessageA
GENERIC_ALL  . . . . . . . . . .	Number	 10000000h   
GENERIC_EXECUTE  . . . . . . . .	Number	 20000000h   
GENERIC_READ . . . . . . . . . .	Number	 -80000000h   
GENERIC_WRITE  . . . . . . . . .	Number	 40000000h   
GetCommandLine . . . . . . . . .	Text   	 GetCommandLineA
HANDLE . . . . . . . . . . . . .	Text   	 DWORD
HEAP_GENERATE_EXCEPTIONS . . . .	Number	 00000004h   
HEAP_GROWABLE  . . . . . . . . .	Number	 00000002h   
HEAP_MAX . . . . . . . . . . . .	Number	 17D78400h   
HEAP_NO_SERIALIZE  . . . . . . .	Number	 00000001h   
HEAP_REALLOC_IN_PLACE_ONLY . . .	Number	 00000010h   
HEAP_START . . . . . . . . . . .	Number	 001E8480h   
HEAP_ZERO_MEMORY . . . . . . . .	Number	 00000008h   
IDABORT  . . . . . . . . . . . .	Number	 00000003h   
IDCANCEL . . . . . . . . . . . .	Number	 00000002h   
IDCLOSE  . . . . . . . . . . . .	Number	 00000008h   
IDCONTINUE . . . . . . . . . . .	Number	 0000000Bh   
IDHELP . . . . . . . . . . . . .	Number	 00000009h   
IDIGNORE . . . . . . . . . . . .	Number	 00000005h   
IDNO . . . . . . . . . . . . . .	Number	 00000007h   
IDOK . . . . . . . . . . . . . .	Number	 00000001h   
IDRETRY  . . . . . . . . . . . .	Number	 00000004h   
IDTIMEOUT  . . . . . . . . . . .	Number	 00007D00h   
IDTRYAGAIN . . . . . . . . . . .	Number	 0000000Ah   
IDYES  . . . . . . . . . . . . .	Number	 00000006h   
INVALID_HANDLE_VALUE . . . . . .	Number	 -00000001h   
KBDOWN_FLAG  . . . . . . . . . .	Number	 00000001h   
KEY_EVENT  . . . . . . . . . . .	Number	 00000001h   
KEY_MASKS  . . . . . . . . . . .	Number	 0000001Fh   
LEFT_ALT_PRESSED . . . . . . . .	Number	 00000002h   
LEFT_CTRL_PRESSED  . . . . . . .	Number	 00000008h   
MB_ABORTRETRYIGNORE  . . . . . .	Number	 00000002h   
MB_APPLMODAL . . . . . . . . . .	Number	 00000000h   
MB_CANCELTRYCONTINUE . . . . . .	Number	 00000006h   
MB_DEFBUTTON1  . . . . . . . . .	Number	 00000000h   
MB_DEFBUTTON2  . . . . . . . . .	Number	 00000100h   
MB_DEFBUTTON3  . . . . . . . . .	Number	 00000200h   
MB_DEFBUTTON4  . . . . . . . . .	Number	 00000300h   
MB_HELP  . . . . . . . . . . . .	Number	 00004000h   
MB_ICONASTERISK  . . . . . . . .	Number	 00000040h   
MB_ICONERROR . . . . . . . . . .	Number	 00000010h   
MB_ICONEXCLAMATION . . . . . . .	Number	 00000030h   
MB_ICONHAND  . . . . . . . . . .	Number	 00000010h   
MB_ICONINFORMATION . . . . . . .	Number	 00000040h   
MB_ICONQUESTION  . . . . . . . .	Number	 00000020h   
MB_ICONSTOP  . . . . . . . . . .	Number	 00000010h   
MB_ICONWARNING . . . . . . . . .	Number	 00000030h   
MB_OKCANCEL  . . . . . . . . . .	Number	 00000001h   
MB_OK  . . . . . . . . . . . . .	Number	 00000000h   
MB_RETRYCANCEL . . . . . . . . .	Number	 00000005h   
MB_SYSTEMMODAL . . . . . . . . .	Number	 00001000h   
MB_TASKMODAL . . . . . . . . . .	Number	 00002000h   
MB_USERICON  . . . . . . . . . .	Number	 00000080h   
MB_YESNOCANCEL . . . . . . . . .	Number	 00000003h   
MB_YESNO . . . . . . . . . . . .	Number	 00000004h   
MENU_EVENT . . . . . . . . . . .	Number	 00000008h   
MOUSE_EVENT  . . . . . . . . . .	Number	 00000002h   
MessageBox . . . . . . . . . . .	Text   	 MessageBoxA
NULL . . . . . . . . . . . . . .	Number	 00000000h   
NUMLOCK_ON . . . . . . . . . . .	Number	 00000020h   
OPEN_ALWAYS  . . . . . . . . . .	Number	 00000004h   
OPEN_EXISTING  . . . . . . . . .	Number	 00000003h   
PeekConsoleInput . . . . . . . .	Text   	 PeekConsoleInputA
RIGHT_ALT_PRESSED  . . . . . . .	Number	 00000001h   
RIGHT_CTRL_PRESSED . . . . . . .	Number	 00000004h   
ReadConsoleInput . . . . . . . .	Text   	 ReadConsoleInputA
ReadConsole  . . . . . . . . . .	Text   	 ReadConsoleA
SCROLLLOCK_ON  . . . . . . . . .	Number	 00000040h   
SHIFT_MASK . . . . . . . . . . .	Number	 00000010h   
SHIFT_PRESSED  . . . . . . . . .	Number	 00000010h   
STD_ERROR_HANDLE . . . . . . . .	Number	 -0000000Ch   
STD_INPUT_HANDLE . . . . . . . .	Number	 -0000000Ah   
STD_OUTPUT_HANDLE  . . . . . . .	Number	 -0000000Bh   
SetConsoleTitle  . . . . . . . .	Text   	 SetConsoleTitleA
TAB  . . . . . . . . . . . . . .	Number	 00000009h   
TRUE . . . . . . . . . . . . . .	Number	 00000001h   
TRUNCATE_EXISTING  . . . . . . .	Number	 00000005h   
VK_11  . . . . . . . . . . . . .	Number	 000000BDh   
VK_12  . . . . . . . . . . . . .	Number	 000000BBh   
VK_ADD . . . . . . . . . . . . .	Number	 0000006Bh   
VK_BACK  . . . . . . . . . . . .	Number	 00000008h   
VK_CANCEL  . . . . . . . . . . .	Number	 00000003h   
VK_CAPITAL . . . . . . . . . . .	Number	 00000014h   
VK_CLEAR . . . . . . . . . . . .	Number	 0000000Ch   
VK_CONTROL . . . . . . . . . . .	Number	 00000011h   
VK_DECIMAL . . . . . . . . . . .	Number	 0000006Eh   
VK_DELETE  . . . . . . . . . . .	Number	 0000002Eh   
VK_DIVIDE  . . . . . . . . . . .	Number	 0000006Fh   
VK_DOWN  . . . . . . . . . . . .	Number	 00000028h   
VK_END . . . . . . . . . . . . .	Number	 00000023h   
VK_ESCAPE  . . . . . . . . . . .	Number	 0000001Bh   
VK_EXECUTE . . . . . . . . . . .	Number	 0000002Bh   
VK_F10 . . . . . . . . . . . . .	Number	 00000079h   
VK_F11 . . . . . . . . . . . . .	Number	 0000007Ah   
VK_F12 . . . . . . . . . . . . .	Number	 0000007Bh   
VK_F13 . . . . . . . . . . . . .	Number	 0000007Ch   
VK_F14 . . . . . . . . . . . . .	Number	 0000007Dh   
VK_F15 . . . . . . . . . . . . .	Number	 0000007Eh   
VK_F16 . . . . . . . . . . . . .	Number	 0000007Fh   
VK_F17 . . . . . . . . . . . . .	Number	 00000080h   
VK_F18 . . . . . . . . . . . . .	Number	 00000081h   
VK_F19 . . . . . . . . . . . . .	Number	 00000082h   
VK_F1  . . . . . . . . . . . . .	Number	 00000070h   
VK_F20 . . . . . . . . . . . . .	Number	 00000083h   
VK_F21 . . . . . . . . . . . . .	Number	 00000084h   
VK_F22 . . . . . . . . . . . . .	Number	 00000085h   
VK_F23 . . . . . . . . . . . . .	Number	 00000086h   
VK_F24 . . . . . . . . . . . . .	Number	 00000087h   
VK_F2  . . . . . . . . . . . . .	Number	 00000071h   
VK_F3  . . . . . . . . . . . . .	Number	 00000072h   
VK_F4  . . . . . . . . . . . . .	Number	 00000073h   
VK_F5  . . . . . . . . . . . . .	Number	 00000074h   
VK_F6  . . . . . . . . . . . . .	Number	 00000075h   
VK_F7  . . . . . . . . . . . . .	Number	 00000076h   
VK_F8  . . . . . . . . . . . . .	Number	 00000077h   
VK_F9  . . . . . . . . . . . . .	Number	 00000078h   
VK_HELP  . . . . . . . . . . . .	Number	 0000002Fh   
VK_HOME  . . . . . . . . . . . .	Number	 00000024h   
VK_INSERT  . . . . . . . . . . .	Number	 0000002Dh   
VK_LBUTTON . . . . . . . . . . .	Number	 00000001h   
VK_LCONTROL  . . . . . . . . . .	Number	 000000A2h   
VK_LEFT  . . . . . . . . . . . .	Number	 00000025h   
VK_LMENU . . . . . . . . . . . .	Number	 000000A4h   
VK_LSHIFT  . . . . . . . . . . .	Number	 000000A0h   
VK_MENU  . . . . . . . . . . . .	Number	 00000012h   
VK_MULTIPLY  . . . . . . . . . .	Number	 0000006Ah   
VK_NEXT  . . . . . . . . . . . .	Number	 00000022h   
VK_NUMLOCK . . . . . . . . . . .	Number	 00000090h   
VK_NUMPAD0 . . . . . . . . . . .	Number	 00000060h   
VK_NUMPAD1 . . . . . . . . . . .	Number	 00000061h   
VK_NUMPAD2 . . . . . . . . . . .	Number	 00000062h   
VK_NUMPAD3 . . . . . . . . . . .	Number	 00000063h   
VK_NUMPAD4 . . . . . . . . . . .	Number	 00000064h   
VK_NUMPAD5 . . . . . . . . . . .	Number	 00000065h   
VK_NUMPAD6 . . . . . . . . . . .	Number	 00000066h   
VK_NUMPAD7 . . . . . . . . . . .	Number	 00000067h   
VK_NUMPAD8 . . . . . . . . . . .	Number	 00000068h   
VK_NUMPAD9 . . . . . . . . . . .	Number	 00000069h   
VK_PAUSE . . . . . . . . . . . .	Number	 00000013h   
VK_PRINT . . . . . . . . . . . .	Number	 0000002Ah   
VK_PRIOR . . . . . . . . . . . .	Number	 00000021h   
VK_RBUTTON . . . . . . . . . . .	Number	 00000002h   
VK_RCONTROL  . . . . . . . . . .	Number	 000000A3h   
VK_RETURN  . . . . . . . . . . .	Number	 0000000Dh   
VK_RIGHT . . . . . . . . . . . .	Number	 00000027h   
VK_RMENU . . . . . . . . . . . .	Number	 000000A5h   
VK_RSHIFT  . . . . . . . . . . .	Number	 000000A1h   
VK_SCROLL  . . . . . . . . . . .	Number	 00000091h   
VK_SEPARATER . . . . . . . . . .	Number	 0000006Ch   
VK_SHIFT . . . . . . . . . . . .	Number	 00000010h   
VK_SNAPSHOT  . . . . . . . . . .	Number	 0000002Ch   
VK_SPACE . . . . . . . . . . . .	Number	 00000020h   
VK_SUBTRACT  . . . . . . . . . .	Number	 0000006Dh   
VK_TAB . . . . . . . . . . . . .	Number	 00000009h   
VK_UP  . . . . . . . . . . . . .	Number	 00000026h   
WINDOW_BUFFER_SIZE_EVENT . . . .	Number	 00000004h   
WriteConsoleOutputCharacter  . .	Text   	 WriteConsoleOutputCharacterA
WriteConsole . . . . . . . . . .	Text   	 WriteConsoleA
black  . . . . . . . . . . . . .	Number	 00000000h   
blue . . . . . . . . . . . . . .	Number	 00000001h   
brown  . . . . . . . . . . . . .	Number	 00000006h   
cyan . . . . . . . . . . . . . .	Number	 00000003h   
dAllocatedBytes  . . . . . . . .	DWord	 0000053C _DATA	
dBytesWritten  . . . . . . . . .	DWord	 00000039 _DATA	
dCount . . . . . . . . . . . . .	DWord	 00000018 _DATA	
dInt . . . . . . . . . . . . . .	DWord	 00000540 _DATA	
exit . . . . . . . . . . . . . .	Text   	 INVOKE ExitProcess,0
gray . . . . . . . . . . . . . .	Number	 00000008h   
green  . . . . . . . . . . . . .	Number	 00000002h   
hFileHandle  . . . . . . . . . .	DWord	 00000031 _DATA	
hSTDHandle . . . . . . . . . . .	DWord	 00000035 _DATA	
lListTail  . . . . . . . . . . .	ListNode  00000008 _DATA	
lightBlue  . . . . . . . . . . .	Number	 00000009h   
lightCyan  . . . . . . . . . . .	Number	 0000000Bh   
lightGray  . . . . . . . . . . .	Number	 00000007h   
lightGreen . . . . . . . . . . .	Number	 0000000Ah   
lightMagenta . . . . . . . . . .	Number	 0000000Dh   
lightRed . . . . . . . . . . . .	Number	 0000000Ch   
mHeap  . . . . . . . . . . . . .	DWord	 0000001C _DATA	
magenta  . . . . . . . . . . . .	Number	 00000005h   
pLastAddr  . . . . . . . . . . .	DWord	 00000004 _DATA	
pListHead  . . . . . . . . . . .	DWord	 00000000 _DATA	
red  . . . . . . . . . . . . . .	Number	 00000004h   
strAddr  . . . . . . . . . . . .	Byte	 00000251 _DATA	
strBuffer  . . . . . . . . . . .	Byte	 00000337 _DATA	
strEmptyList . . . . . . . . . .	Byte	 0000029A _DATA	
strIndexInput  . . . . . . . . .	Byte	 000002AE _DATA	
strInputFile . . . . . . . . . .	Byte	 00000020 _DATA	
strInput . . . . . . . . . . . .	Byte	 00000269 _DATA	
strListSF  . . . . . . . . . . .	Byte	 0000020B _DATA	
strMenu0 . . . . . . . . . . . .	Byte	 0000003D _DATA	
strMenu1 . . . . . . . . . . . .	Byte	 0000007D _DATA	
strMenu2a  . . . . . . . . . . .	Byte	 000000A2 _DATA	
strMenu2b  . . . . . . . . . . .	Byte	 000000B5 _DATA	
strMenu2 . . . . . . . . . . . .	Byte	 00000093 _DATA	
strMenu3 . . . . . . . . . . . .	Byte	 000000E2 _DATA	
strMenu4 . . . . . . . . . . . .	Byte	 00000131 _DATA	
strMenu5 . . . . . . . . . . . .	Byte	 00000197 _DATA	
strMenu6 . . . . . . . . . . . .	Byte	 000001F2 _DATA	
strMenu7 . . . . . . . . . . . .	Byte	 00000201 _DATA	
strMenuBytes . . . . . . . . . .	Byte	 00000076 _DATA	
strMenuMem . . . . . . . . . . .	Byte	 00000051 _DATA	
strNodeData  . . . . . . . . . .	Byte	 00000239 _DATA	
strNodeNum . . . . . . . . . . .	Byte	 00000221 _DATA	
strSaveFile  . . . . . . . . . .	Byte	 00000029 _DATA	
strSavePrompt  . . . . . . . . .	Byte	 000002D6 _DATA	
strSelNum  . . . . . . . . . . .	Byte	 0000053A _DATA	
strSelection . . . . . . . . . .	Byte	 00000537 _DATA	
strSubPrompt . . . . . . . . . .	Byte	 0000030B _DATA	
white  . . . . . . . . . . . . .	Number	 0000000Fh   
wsprintf . . . . . . . . . . . .	Text   	 wsprintfA
yellow . . . . . . . . . . . . .	Number	 0000000Eh   

	   0 Warnings
	   0 Errors
